# JRE version: OpenJDK Runtime Environment (21.0.2+13) (build 21.0.2+13-58)
# Java VM: OpenJDK 64-Bit Server VM (21.0.2+13-58, mixed mode, sharing, tiered, compressed oops, compressed class ptrs, g1 gc, bsd-aarch64)
Heap:
 garbage-first heap   total 264192K, used 90097K [0x0000000700000000, 0x0000000800000000)
  region size 2048K, 19 young (38912K), 1 survivors (2048K)
 Metaspace       used 9667K, committed 9920K, reserved 1114112K
  class space    used 991K, committed 1088K, reserved 1048576K
GC Heap History (20 events):
Event: 217.343 GC heap before
{Heap before GC invocations=596 (full 0):
 garbage-first heap   total 264192K, used 238577K [0x0000000700000000, 0x0000000800000000)
  region size 2048K, 76 young (155648K), 1 survivors (2048K)
 Metaspace       used 9667K, committed 9920K, reserved 1114112K
  class space    used 991K, committed 1088K, reserved 1048576K
}
Event: 217.343 GC heap after
{Heap after GC invocations=597 (full 0):
 garbage-first heap   total 264192K, used 48111K [0x0000000700000000, 0x0000000800000000)
  region size 2048K, 1 young (2048K), 1 survivors (2048K)
 Metaspace       used 9667K, committed 9920K, reserved 1114112K
  class space    used 991K, committed 1088K, reserved 1048576K
}
Event: 217.738 GC heap before
{Heap before GC invocations=597 (full 0):
 garbage-first heap   total 264192K, used 238575K [0x0000000700000000, 0x0000000800000000)
  region size 2048K, 76 young (155648K), 1 survivors (2048K)
 Metaspace       used 9667K, committed 9920K, reserved 1114112K
  class space    used 991K, committed 1088K, reserved 1048576K
}
Event: 217.739 GC heap after
{Heap after GC invocations=598 (full 0):
 garbage-first heap   total 264192K, used 46065K [0x0000000700000000, 0x0000000800000000)
  region size 2048K, 1 young (2048K), 1 survivors (2048K)
 Metaspace       used 9667K, committed 9920K, reserved 1114112K
  class space    used 991K, committed 1088K, reserved 1048576K
}
Event: 218.161 GC heap before
{Heap before GC invocations=598 (full 0):
 garbage-first heap   total 264192K, used 236529K [0x0000000700000000, 0x0000000800000000)
  region size 2048K, 76 young (155648K), 1 survivors (2048K)
 Metaspace       used 9667K, committed 9920K, reserved 1114112K
  class space    used 991K, committed 1088K, reserved 1048576K
}
Event: 218.162 GC heap after
{Heap after GC invocations=599 (full 0):
 garbage-first heap   total 264192K, used 46063K [0x0000000700000000, 0x0000000800000000)
  region size 2048K, 1 young (2048K), 1 survivors (2048K)
 Metaspace       used 9667K, committed 9920K, reserved 1114112K
  class space    used 991K, committed 1088K, reserved 1048576K
}
Event: 218.604 GC heap before
{Heap before GC invocations=599 (full 0):
 garbage-first heap   total 264192K, used 236527K [0x0000000700000000, 0x0000000800000000)
  region size 2048K, 76 young (155648K), 1 survivors (2048K)
 Metaspace       used 9667K, committed 9920K, reserved 1114112K
  class space    used 991K, committed 1088K, reserved 1048576K
}
Event: 218.605 GC heap after
{Heap after GC invocations=600 (full 0):
 garbage-first heap   total 264192K, used 46051K [0x0000000700000000, 0x0000000800000000)
  region size 2048K, 1 young (2048K), 1 survivors (2048K)
 Metaspace       used 9667K, committed 9920K, reserved 1114112K
  class space    used 991K, committed 1088K, reserved 1048576K
}
Event: 219.006 GC heap before
{Heap before GC invocations=600 (full 0):
 garbage-first heap   total 264192K, used 238563K [0x0000000700000000, 0x0000000800000000)
  region size 2048K, 76 young (155648K), 1 survivors (2048K)
 Metaspace       used 9667K, committed 9920K, reserved 1114112K
  class space    used 991K, committed 1088K, reserved 1048576K
}
Event: 219.006 GC heap after
{Heap after GC invocations=601 (full 0):
 garbage-first heap   total 264192K, used 46065K [0x0000000700000000, 0x0000000800000000)
  region size 2048K, 1 young (2048K), 1 survivors (2048K)
 Metaspace       used 9667K, committed 9920K, reserved 1114112K
  class space    used 991K, committed 1088K, reserved 1048576K
}
Event: 219.436 GC heap before
{Heap before GC invocations=601 (full 0):
 garbage-first heap   total 264192K, used 236529K [0x0000000700000000, 0x0000000800000000)
  region size 2048K, 76 young (155648K), 1 survivors (2048K)
 Metaspace       used 9667K, committed 9920K, reserved 1114112K
  class space    used 991K, committed 1088K, reserved 1048576K
}
Event: 219.436 GC heap after
{Heap after GC invocations=602 (full 0):
 garbage-first heap   total 264192K, used 46063K [0x0000000700000000, 0x0000000800000000)
  region size 2048K, 1 young (2048K), 1 survivors (2048K)
 Metaspace       used 9667K, committed 9920K, reserved 1114112K
  class space    used 991K, committed 1088K, reserved 1048576K
}
Event: 219.857 GC heap before
{Heap before GC invocations=602 (full 0):
 garbage-first heap   total 264192K, used 236527K [0x0000000700000000, 0x0000000800000000)
  region size 2048K, 76 young (155648K), 1 survivors (2048K)
 Metaspace       used 9667K, committed 9920K, reserved 1114112K
  class space    used 991K, committed 1088K, reserved 1048576K
}
Event: 219.857 GC heap after
{Heap after GC invocations=603 (full 0):
 garbage-first heap   total 264192K, used 46065K [0x0000000700000000, 0x0000000800000000)
  region size 2048K, 1 young (2048K), 1 survivors (2048K)
 Metaspace       used 9667K, committed 9920K, reserved 1114112K
  class space    used 991K, committed 1088K, reserved 1048576K
}
Event: 220.270 GC heap before
{Heap before GC invocations=603 (full 0):
 garbage-first heap   total 264192K, used 238577K [0x0000000700000000, 0x0000000800000000)
  region size 2048K, 76 young (155648K), 1 survivors (2048K)
 Metaspace       used 9667K, committed 9920K, reserved 1114112K
  class space    used 991K, committed 1088K, reserved 1048576K
}
Event: 220.271 GC heap after
{Heap after GC invocations=604 (full 0):
 garbage-first heap   total 264192K, used 48111K [0x0000000700000000, 0x0000000800000000)
  region size 2048K, 1 young (2048K), 1 survivors (2048K)
 Metaspace       used 9667K, committed 9920K, reserved 1114112K
  class space    used 991K, committed 1088K, reserved 1048576K
}
Event: 220.670 GC heap before
{Heap before GC invocations=604 (full 0):
 garbage-first heap   total 264192K, used 238575K [0x0000000700000000, 0x0000000800000000)
  region size 2048K, 76 young (155648K), 1 survivors (2048K)
 Metaspace       used 9667K, committed 9920K, reserved 1114112K
  class space    used 991K, committed 1088K, reserved 1048576K
}
Event: 220.670 GC heap after
{Heap after GC invocations=605 (full 0):
 garbage-first heap   total 264192K, used 46063K [0x0000000700000000, 0x0000000800000000)
  region size 2048K, 1 young (2048K), 1 survivors (2048K)
 Metaspace       used 9667K, committed 9920K, reserved 1114112K
  class space    used 991K, committed 1088K, reserved 1048576K
}
Event: 221.090 GC heap before
{Heap before GC invocations=605 (full 0):
 garbage-first heap   total 264192K, used 236527K [0x0000000700000000, 0x0000000800000000)
  region size 2048K, 76 young (155648K), 1 survivors (2048K)
 Metaspace       used 9667K, committed 9920K, reserved 1114112K
  class space    used 991K, committed 1088K, reserved 1048576K
}
Event: 221.090 GC heap after
{Heap after GC invocations=606 (full 0):
 garbage-first heap   total 264192K, used 46063K [0x0000000700000000, 0x0000000800000000)
  region size 2048K, 1 young (2048K), 1 survivors (2048K)
 Metaspace       used 9667K, committed 9920K, reserved 1114112K
  class space    used 991K, committed 1088K, reserved 1048576K
}

